{"total": {"lines":{"total":175,"covered":48,"skipped":0,"pct":27.42},"statements":{"total":182,"covered":49,"skipped":0,"pct":26.92},"functions":{"total":22,"covered":10,"skipped":0,"pct":45.45},"branches":{"total":59,"covered":12,"skipped":0,"pct":20.33},"branchesTrue":{"total":0,"covered":0,"skipped":0,"pct":100}}
,"C:\\Users\\Gabbo\\OneDrive - Fundacion Instituto Profesional Duoc UC\\DUOC\\FULLSTACK 2\\prueba\\front-react\\src\\componentes\\Carrusel.jsx": {"lines":{"total":15,"covered":14,"skipped":0,"pct":93.33},"functions":{"total":7,"covered":6,"skipped":0,"pct":85.71},"statements":{"total":18,"covered":15,"skipped":0,"pct":83.33},"branches":{"total":6,"covered":4,"skipped":0,"pct":66.66}}
,"C:\\Users\\Gabbo\\OneDrive - Fundacion Instituto Profesional Duoc UC\\DUOC\\FULLSTACK 2\\prueba\\front-react\\src\\componentes\\Footer.jsx": {"lines":{"total":1,"covered":1,"skipped":0,"pct":100},"functions":{"total":0,"covered":0,"skipped":0,"pct":100},"statements":{"total":1,"covered":1,"skipped":0,"pct":100},"branches":{"total":0,"covered":0,"skipped":0,"pct":100}}
,"C:\\Users\\Gabbo\\OneDrive - Fundacion Instituto Profesional Duoc UC\\DUOC\\FULLSTACK 2\\prueba\\front-react\\src\\componentes\\Navbar.jsx": {"lines":{"total":5,"covered":3,"skipped":0,"pct":60},"functions":{"total":0,"covered":0,"skipped":0,"pct":100},"statements":{"total":5,"covered":3,"skipped":0,"pct":60},"branches":{"total":12,"covered":1,"skipped":0,"pct":8.33}}
,"C:\\Users\\Gabbo\\OneDrive - Fundacion Instituto Profesional Duoc UC\\DUOC\\FULLSTACK 2\\prueba\\front-react\\src\\componentes\\ProductCard.jsx": {"lines":{"total":6,"covered":3,"skipped":0,"pct":50},"functions":{"total":0,"covered":0,"skipped":0,"pct":100},"statements":{"total":7,"covered":3,"skipped":0,"pct":42.85},"branches":{"total":4,"covered":1,"skipped":0,"pct":25}}
,"C:\\Users\\Gabbo\\OneDrive - Fundacion Instituto Profesional Duoc UC\\DUOC\\FULLSTACK 2\\prueba\\front-react\\src\\context\\AuthContext.jsx": {"lines":{"total":23,"covered":9,"skipped":0,"pct":39.13},"functions":{"total":2,"covered":2,"skipped":0,"pct":100},"statements":{"total":23,"covered":9,"skipped":0,"pct":39.13},"branches":{"total":0,"covered":0,"skipped":0,"pct":100}}
,"C:\\Users\\Gabbo\\OneDrive - Fundacion Instituto Profesional Duoc UC\\DUOC\\FULLSTACK 2\\prueba\\front-react\\src\\context\\CartContext.jsx": {"lines":{"total":50,"covered":7,"skipped":0,"pct":14},"functions":{"total":9,"covered":1,"skipped":0,"pct":11.11},"statements":{"total":52,"covered":7,"skipped":0,"pct":13.46},"branches":{"total":14,"covered":0,"skipped":0,"pct":0}}
,"C:\\Users\\Gabbo\\OneDrive - Fundacion Instituto Profesional Duoc UC\\DUOC\\FULLSTACK 2\\prueba\\front-react\\src\\pages\\Login.jsx": {"lines":{"total":34,"covered":11,"skipped":0,"pct":32.35},"functions":{"total":3,"covered":1,"skipped":0,"pct":33.33},"statements":{"total":34,"covered":11,"skipped":0,"pct":32.35},"branches":{"total":14,"covered":6,"skipped":0,"pct":42.85}}
,"C:\\Users\\Gabbo\\OneDrive - Fundacion Instituto Profesional Duoc UC\\DUOC\\FULLSTACK 2\\prueba\\front-react\\src\\utils\\generarBoletaPDF.js": {"lines":{"total":41,"covered":0,"skipped":0,"pct":0},"functions":{"total":1,"covered":0,"skipped":0,"pct":0},"statements":{"total":42,"covered":0,"skipped":0,"pct":0},"branches":{"total":9,"covered":0,"skipped":0,"pct":0}}
}
